#
# A fatal error has been detected by the Java Runtime Environment:
#
#  Internal Error (safepoint.cpp:555), pid=9952, tid=12936
#  Error: Deadlock in safepoint code.  Should have called back to the VM before blocking.
#
# JRE version: 6.0_17-b04
# Java VM: Java HotSpot(TM) 64-Bit Server VM (14.3-b01 mixed mode windows-amd64 )
# If you would like to submit a bug report, please visit:
#   http://java.sun.com/webapps/bugreport/crash.jsp
#

---------------  T H R E A D  ---------------

Current thread (0x0000000005c0f000):  JavaThread "main" [_thread_in_native_trans, id=12936, stack(0x00000000000a0000,0x00000000040a0000)]

Stack: [0x00000000000a0000,0x00000000040a0000]
[error occurred during error reporting (printing stack bounds), id 0xe0000000]


[error occurred during error reporting (printing native stack), id 0xe0000000]


---------------  P R O C E S S  ---------------

Java Threads: ( => current thread )
  0x000000006165f800 JavaThread "Code Analyzer updating thread" [_thread_blocked, id=10280, stack(0x0000000010e70000,0x0000000010ef0000)]
  0x0000000061668000 JavaThread "Code Analyzer updating thread" [_thread_blocked, id=5960, stack(0x000000002ab90000,0x000000002ac10000)]
  0x0000000061664000 JavaThread "Prefs Updater" daemon [_thread_blocked, id=13704, stack(0x0000000019070000,0x00000000190f0000)]
  0x0000000061660800 JavaThread "Code Analyzer updating thread" [_thread_blocked, id=1976, stack(0x000000002ae00000,0x000000002ae80000)]
  0x0000000061667000 JavaThread "Active Reference Queue Daemon" daemon [_thread_blocked, id=10292, stack(0x000000002ac90000,0x000000002ad10000)]
  0x0000000061666000 JavaThread "Timer-10" daemon [_thread_blocked, id=5568, stack(0x000000002a9c0000,0x000000002aa40000)]
  0x0000000061664800 JavaThread "Timer-4" daemon [_thread_blocked, id=9396, stack(0x0000000021250000,0x00000000212d0000)]
  0x0000000061663000 JavaThread "Explorer NavigationContext request queue" [_thread_blocked, id=9860, stack(0x0000000021310000,0x0000000021390000)]
  0x0000000061661800 JavaThread "AddressBar directory emptiness poller" [_thread_blocked, id=5780, stack(0x000000000fc70000,0x000000000fcf0000)]
  0x0000000061661000 JavaThread "Explorer Refresh Service 727552603" [_thread_blocked, id=13696, stack(0x000000001d140000,0x000000001d1c0000)]
  0x000000006165d800 JavaThread "TimerQueue" daemon [_thread_blocked, id=13468, stack(0x000000000ddd0000,0x000000000de50000)]
  0x000000006165c800 JavaThread "Thread-5" daemon [_thread_blocked, id=9600, stack(0x000000000dc00000,0x000000000dc80000)]
  0x000000006165c000 JavaThread "FelixPackageAdmin" daemon [_thread_blocked, id=11196, stack(0x000000000ff00000,0x000000000ff80000)]
  0x00000000616bf000 JavaThread "FelixStartLevel" daemon [_thread_blocked, id=9708, stack(0x000000000ff80000,0x0000000010000000)]
  0x0000000061495800 JavaThread "FelixDispatchQueue" daemon [_thread_blocked, id=14084, stack(0x0000000010f00000,0x0000000010f80000)]
  0x000000000f8fd800 JavaThread "AWT-EventQueue-0" [_thread_blocked, id=13800, stack(0x000000000fe10000,0x000000000fe90000)]
  0x000000000f82a800 JavaThread "com.google.common.base.internal.Finalizer" daemon [_thread_blocked, id=13216, stack(0x000000000fd60000,0x000000000fde0000)]
  0x000000000f85e800 JavaThread "AWT-Windows" daemon [_thread_blocked, id=12592, stack(0x000000000faf0000,0x000000000fb70000)]
  0x000000000f85e000 JavaThread "AWT-Shutdown" [_thread_blocked, id=7324, stack(0x000000000fa00000,0x000000000fa80000)]
  0x00000000087d0800 JavaThread "Java2D Disposer" daemon [_thread_blocked, id=12836, stack(0x000000000f900000,0x000000000f980000)]
  0x000000000f4e1000 JavaThread "Timer-0" [_thread_blocked, id=7568, stack(0x0000000008950000,0x00000000089d0000)]
  0x000000000f530800 JavaThread "EventMgr Dispatcher" daemon [_thread_in_native, id=13852, stack(0x0000000009020000,0x000000000d020000)]
  0x000000000882e000 JavaThread "Low Memory Detector" daemon [_thread_blocked, id=8792, stack(0x000000000d4c0000,0x000000000d540000)]
  0x0000000008826800 JavaThread "CompilerThread1" daemon [_thread_blocked, id=11148, stack(0x000000005d330000,0x0000000061330000)]
  0x000000000881b800 JavaThread "CompilerThread0" daemon [_thread_blocked, id=6428, stack(0x0000000059200000,0x000000005d200000)]
  0x000000000881a000 JavaThread "Attach Listener" daemon [_thread_blocked, id=4952, stack(0x0000000008bc0000,0x0000000008c40000)]
  0x0000000005ba8800 JavaThread "Finalizer" daemon [_thread_blocked, id=13656, stack(0x0000000008a50000,0x0000000008ad0000)]
  0x00000000087c5000 JavaThread "Reference Handler" daemon [_thread_blocked, id=6616, stack(0x0000000008b10000,0x0000000008b90000)]
=>0x0000000005c0f000 JavaThread "main" [_thread_in_native_trans, id=12936, stack(0x00000000000a0000,0x00000000040a0000)]

Other Threads:
  0x00000000087c2000 VMThread [stack: 0x0000000055090000,0x0000000059090000] [id=9780]
  0x000000000884a000 WatcherThread [stack: 0x000000007fff0000,0x0000000083ff0000] [id=3164]

VM state:synchronizing (normal execution)

VM Mutex/Monitor currently owned by a thread:  ([mutex/lock_event])
[0x0000000005aee680] Threads_lock - owner thread: 0x00000000087c2000
[0x0000000005aeea00] JNIGlobalHandle_lock - owner thread: 0x0000000005c0f000
[0x0000000005aeeb80] Heap_lock - owner thread: 0x0000000061663000

Heap
 PSYoungGen      total 14784K, used 14752K [0x00000000418e0000, 0x00000000428e0000, 0x00000000449e0000)
  eden space 13824K, 100% used [0x00000000418e0000,0x0000000042660000,0x0000000042660000)
  from space 960K, 96% used [0x0000000042660000,0x0000000042748000,0x0000000042750000)
  to   space 1344K, 0% used [0x0000000042790000,0x0000000042790000,0x00000000428e0000)
 PSOldGen        total 59776K, used 42903K [0x00000000385e0000, 0x000000003c040000, 0x00000000418e0000)
  object space 59776K, 71% used [0x00000000385e0000,0x000000003afc5df8,0x000000003c040000)
 PSPermGen       total 107136K, used 60977K [0x00000000305e0000, 0x0000000036e80000, 0x00000000385e0000)
  object space 107136K, 56% used [0x00000000305e0000,0x000000003416c7e8,0x0000000036e80000)

Dynamic libraries:
0x000000013f360000 - 0x000000013f38d000 	C:\Program Files\MATLAB\R2012b\bin\win64\matlab.exe
0x0000000076e20000 - 0x0000000076fbf000 	C:\Windows\SYSTEM32\ntdll.dll
0x0000000076980000 - 0x0000000076a9f000 	C:\Windows\system32\kernel32.dll
0x000007fefd360000 - 0x000007fefd3ca000 	C:\Windows\system32\KERNELBASE.dll
0x0000000074460000 - 0x000000007451f000 	C:\Program Files\MATLAB\R2012b\bin\win64\libut.dll
0x00000000758a0000 - 0x000000007595c000 	C:\Program Files\MATLAB\R2012b\bin\win64\libmwi18n.dll
0x0000000180000000 - 0x000000018000b000 	C:\Program Files\MATLAB\R2012b\bin\win64\libmwresource_core.dll
0x0000000067970000 - 0x0000000067a43000 	C:\Windows\WinSxS\amd64_microsoft.vc90.crt_1fc8b3b9a1e18e3b_9.0.30729.6161_none_08e61857a83bc251\MSVCP90.dll
0x0000000067a50000 - 0x0000000067af3000 	C:\Windows\WinSxS\amd64_microsoft.vc90.crt_1fc8b3b9a1e18e3b_9.0.30729.6161_none_08e61857a83bc251\MSVCR90.dll
0x000000007a170000 - 0x000000007a19c000 	C:\Program Files\MATLAB\R2012b\bin\win64\boost_filesystem-vc90-mt-1_44.dll
0x000000007a560000 - 0x000000007a569000 	C:\Program Files\MATLAB\R2012b\bin\win64\boost_system-vc90-mt-1_44.dll
0x000007fefda30000 - 0x000007fefdb0b000 	C:\Windows\system32\ADVAPI32.dll
0x000007fefd640000 - 0x000007fefd6df000 	C:\Windows\system32\msvcrt.dll
0x000007fefeda0000 - 0x000007fefedbf000 	C:\Windows\SYSTEM32\sechost.dll
0x000007fefdb10000 - 0x000007fefdc3c000 	C:\Windows\system32\RPCRT4.dll
0x000000007a010000 - 0x000000007a035000 	C:\Program Files\MATLAB\R2012b\bin\win64\LIBEXPAT.dll
0x0000000067770000 - 0x0000000067961000 	C:\Program Files\MATLAB\R2012b\bin\win64\icuin44.dll
0x0000000067070000 - 0x00000000671e1000 	C:\Program Files\MATLAB\R2012b\bin\win64\icuuc44.dll
0x0000000010000000 - 0x0000000010e41000 	C:\Program Files\MATLAB\R2012b\bin\win64\icudt44.dll
0x0000000073f70000 - 0x000000007411d000 	C:\Program Files\MATLAB\R2012b\bin\win64\libmwfl.dll
0x00000000042c0000 - 0x0000000004676000 	C:\Program Files\MATLAB\R2012b\bin\win64\libmwMATLAB_res.dll
0x000000007a3b0000 - 0x000000007a3c0000 	C:\Program Files\MATLAB\R2012b\bin\win64\boost_date_time-vc90-mt-1_44.dll
0x000000007a250000 - 0x000000007a263000 	C:\Program Files\MATLAB\R2012b\bin\win64\boost_signals-vc90-mt-1_44.dll
0x000000007a2d0000 - 0x000000007a2e2000 	C:\Program Files\MATLAB\R2012b\bin\win64\boost_thread-vc90-mt-1_44.dll
0x0000000004680000 - 0x000000000473d000 	C:\Program Files\MATLAB\R2012b\bin\win64\boost_log-vc90-mt-1_44.dll
0x0000000076fd0000 - 0x0000000076fd7000 	C:\Windows\system32\PSAPI.DLL
0x000007fefde40000 - 0x000007fefde8d000 	C:\Windows\system32\WS2_32.dll
0x000007fefed90000 - 0x000007fefed98000 	C:\Windows\system32\NSI.dll
0x0000000004740000 - 0x0000000004786000 	C:\Program Files\MATLAB\R2012b\bin\win64\tbb.dll
0x000007fefef00000 - 0x000007fefef19000 	C:\Windows\system32\imagehlp.dll
0x000000006bb70000 - 0x000000006bb83000 	C:\Program Files\MATLAB\R2012b\bin\win64\icuio44.dll
0x000007fef03e0000 - 0x000007fef0505000 	C:\Windows\system32\dbghelp.dll
0x0000000076880000 - 0x000000007697a000 	C:\Windows\system32\USER32.dll
0x000007fefee90000 - 0x000007fefeef7000 	C:\Windows\system32\GDI32.dll
0x000007fefef20000 - 0x000007fefef2e000 	C:\Windows\system32\LPK.dll
0x000007fefde90000 - 0x000007fefdf5b000 	C:\Windows\system32\USP10.dll
0x0000000004790000 - 0x0000000004a6c000 	C:\Program Files\MATLAB\R2012b\bin\win64\libmwservices.dll
0x0000000075a20000 - 0x0000000075af3000 	C:\Program Files\MATLAB\R2012b\bin\win64\libmx.dll
0x0000000004a90000 - 0x0000000004ab9000 	C:\Program Files\MATLAB\R2012b\bin\win64\tbbmalloc.dll
0x000000007a210000 - 0x000000007a228000 	C:\Program Files\MATLAB\R2012b\bin\win64\zlib1.dll
0x0000000004ae0000 - 0x0000000004b2d000 	C:\Program Files\MATLAB\R2012b\bin\win64\libmwregexp.dll
0x0000000004b40000 - 0x0000000004b63000 	C:\Program Files\MATLAB\R2012b\bin\win64\libmwmfl_scalar.dll
0x0000000075f10000 - 0x0000000075f60000 	C:\Program Files\MATLAB\R2012b\bin\win64\mpath.dll
0x000000007b680000 - 0x000000007bc9a000 	C:\Program Files\MATLAB\R2012b\bin\win64\mlutil.dll
0x00000000754d0000 - 0x0000000075551000 	C:\Program Files\MATLAB\R2012b\bin\win64\xmlcore.dll
0x0000000004bb0000 - 0x0000000004e03000 	C:\Program Files\MATLAB\R2012b\bin\win64\xerces-c_2_7.dll
0x0000000004e20000 - 0x0000000004e40000 	C:\Program Files\MATLAB\R2012b\bin\win64\libmwMATLAB_settings_res.dll
0x0000000004e50000 - 0x0000000004e60000 	C:\Program Files\MATLAB\R2012b\bin\win64\boost_iostreams-vc90-mt-1_44.dll
0x0000000004e70000 - 0x0000000004eb7000 	C:\Program Files\MATLAB\R2012b\bin\win64\boost_serialization-vc90-mt-1_44.dll
0x000007fefe000000 - 0x000007fefed8a000 	C:\Windows\system32\SHELL32.dll
0x000007fefd9b0000 - 0x000007fefda21000 	C:\Windows\system32\SHLWAPI.dll
0x000007fef1eb0000 - 0x000007fef1f50000 	C:\Windows\WinSxS\amd64_microsoft.windows.common-controls_6595b64144ccf1df_5.82.7601.18837_none_a4d981ff711297b6\COMCTL32.dll
0x000007fefdf60000 - 0x000007fefdff7000 	C:\Windows\system32\COMDLG32.dll
0x000007fefb090000 - 0x000007fefb0a6000 	C:\Windows\system32\NETAPI32.dll
0x000007fefc720000 - 0x000007fefc72c000 	C:\Windows\system32\netutils.dll
0x000007fefcdb0000 - 0x000007fefcdd3000 	C:\Windows\system32\srvcli.dll
0x000007fefb020000 - 0x000007fefb035000 	C:\Windows\system32\wkscli.dll
0x000007fefdc40000 - 0x000007fefde3d000 	C:\Windows\system32\ole32.dll
0x000007fefd8d0000 - 0x000007fefd9aa000 	C:\Windows\system32\OLEAUT32.dll
0x0000000074970000 - 0x0000000074a31000 	C:\Program Files\MATLAB\R2012b\bin\win64\mcr.dll
0x0000000075000000 - 0x00000000753e9000 	C:\Program Files\MATLAB\R2012b\bin\win64\iqm.dll
0x0000000074e80000 - 0x0000000074f38000 	C:\Program Files\MATLAB\R2012b\bin\win64\m_dispatcher.dll
0x0000000074880000 - 0x000000007496d000 	C:\Program Files\MATLAB\R2012b\bin\win64\boost_regex-vc90-mt-1_44.dll
0x000007fee5390000 - 0x000007fee5c01000 	C:\Program Files\MATLAB\R2012b\bin\win64\m_interpreter.dll
0x000000006bb40000 - 0x000000006bb67000 	C:\Program Files\MATLAB\R2012b\bin\win64\libmex.dll
0x00000000686c0000 - 0x0000000068744000 	C:\Program Files\MATLAB\R2012b\bin\win64\profiler.dll
0x0000000004f40000 - 0x00000000051aa000 	C:\Program Files\MATLAB\R2012b\bin\win64\libmwmathutil.dll
0x0000000079f40000 - 0x0000000079f6e000 	C:\Program Files\MATLAB\R2012b\bin\win64\libmwmathrng.dll
0x00000000051d0000 - 0x00000000051e2000 	C:\Program Files\MATLAB\R2012b\bin\win64\libmwmfl_rng.dll
0x0000000074c10000 - 0x0000000074cee000 	C:\Program Files\MATLAB\R2012b\bin\win64\libmwmathcore.dll
0x0000000076160000 - 0x00000000761ca000 	C:\Program Files\MATLAB\R2012b\bin\win64\libmwspmatrix.dll
0x0000000075ea0000 - 0x0000000075f02000 	C:\Program Files\MATLAB\R2012b\bin\win64\libmwcholmod.dll
0x000000007a460000 - 0x000000007a46d000 	C:\Program Files\MATLAB\R2012b\bin\win64\libmwamd.dll
0x000000007a4b0000 - 0x000000007a4bc000 	C:\Program Files\MATLAB\R2012b\bin\win64\libmwcolamd.dll
0x000000007a290000 - 0x000000007a2a9000 	C:\Program Files\MATLAB\R2012b\bin\win64\libmwblas.dll
0x000000007a310000 - 0x000000007a321000 	C:\Program Files\MATLAB\R2012b\bin\win64\libmwbinder.dll
0x000000007a4d0000 - 0x000000007a4dc000 	C:\Program Files\MATLAB\R2012b\bin\win64\libmwompwrapper.dll
0x0000000005280000 - 0x0000000005305000 	C:\Program Files\MATLAB\R2012b\bin\win64\libmwlapack.dll
0x000000006bb10000 - 0x000000006bb31000 	C:\Program Files\MATLAB\R2012b\bin\win64\m_pcodeio.dll
0x0000000079b10000 - 0x0000000079b77000 	C:\Program Files\MATLAB\R2012b\bin\win64\m_ir.dll
0x0000000063da0000 - 0x0000000064410000 	C:\Program Files\MATLAB\R2012b\bin\win64\m_parser.dll
0x000000006bb90000 - 0x000000006bbaa000 	C:\Program Files\MATLAB\R2012b\bin\win64\ir_xfmr.dll
0x000007fee8670000 - 0x000007fee8906000 	C:\Program Files\MATLAB\R2012b\bin\win64\mcos.dll
0x000000006b8e0000 - 0x000000006b8f1000 	C:\Program Files\MATLAB\R2012b\bin\win64\mtok.dll
0x000000006b8a0000 - 0x000000006b8d1000 	C:\Program Files\MATLAB\R2012b\bin\win64\m_pcodegen.dll
0x0000000079fb0000 - 0x0000000079fe6000 	C:\Program Files\MATLAB\R2012b\bin\win64\libmwbridge.dll
0x0000000066fa0000 - 0x0000000067068000 	C:\Program Files\MATLAB\R2012b\bin\win64\udd.dll
0x0000000066e40000 - 0x0000000066f92000 	C:\Program Files\MATLAB\R2012b\bin\win64\libmwgui.dll
0x000000006b900000 - 0x000000006b917000 	C:\Program Files\MATLAB\R2012b\bin\win64\graphics_util.dll
0x0000000062930000 - 0x000000006338f000 	C:\Program Files\MATLAB\R2012b\bin\win64\hg.dll
0x00000000053e0000 - 0x0000000005448000 	C:\Program Files\MATLAB\R2012b\bin\win64\libmat.dll
0x0000000072d30000 - 0x0000000072f44000 	C:\Program Files\MATLAB\R2012b\bin\win64\hdf5dll.dll
0x0000000075710000 - 0x00000000757de000 	C:\Program Files\MATLAB\R2012b\bin\win64\jmi.dll
0x0000000005480000 - 0x000000000548d000 	C:\Program Files\MATLAB\R2012b\bin\win64\nativejava_services.dll
0x000000006afe0000 - 0x000000006b026000 	C:\Program Files\MATLAB\R2012b\bin\win64\libmwhardcopy.dll
0x0000000066dd0000 - 0x0000000066e33000 	C:\Program Files\MATLAB\R2012b\bin\win64\libuij.dll
0x0000000064c70000 - 0x0000000064ed4000 	C:\Program Files\MATLAB\R2012b\bin\win64\hgdatatypes.dll
0x0000000066cb0000 - 0x0000000066dcf000 	C:\Program Files\MATLAB\R2012b\bin\win64\hgutils.dll
0x0000000065cc0000 - 0x0000000065d80000 	C:\Program Files\MATLAB\R2012b\bin\win64\udd_mi.dll
0x00000000054f0000 - 0x000000000552b000 	C:\Program Files\MATLAB\R2012b\bin\win64\libmwgbtutils.dll
0x0000000005540000 - 0x000000000555b000 	C:\Program Files\MATLAB\R2012b\bin\win64\libmwgbt.dll
0x0000000005570000 - 0x0000000005841000 	C:\Program Files\MATLAB\R2012b\bin\win64\uiw.dll
0x0000000070370000 - 0x000000007037f000 	C:\Program Files\MATLAB\R2012b\bin\win64\uinone.dll
0x0000000005870000 - 0x0000000005899000 	C:\Program Files\MATLAB\R2012b\bin\win64\libmwnativefiledialogs.dll
0x00000000058b0000 - 0x00000000058b8000 	C:\Program Files\MATLAB\R2012b\bin\win64\libmwplatform_res.dll
0x000007fef9c20000 - 0x000007fef9c38000 	C:\Windows\system32\MPR.dll
0x0000000064590000 - 0x0000000064a74000 	C:\Windows\WinSxS\amd64_microsoft.vc90.mfc_1fc8b3b9a1e18e3b_9.0.30729.6161_none_044aad0bab1eb146\mfc90.dll
0x000007fefaa90000 - 0x000007fefaa97000 	C:\Windows\system32\MSIMG32.dll
0x000007fefaa10000 - 0x000007fefaa81000 	C:\Windows\system32\WINSPOOL.DRV
0x0000000068690000 - 0x00000000686b2000 	C:\Program Files\MATLAB\R2012b\bin\win64\mwoles05.DLL
0x0000000066c30000 - 0x0000000066cad000 	C:\Program Files\MATLAB\R2012b\bin\win64\comcli.dll
0x0000000068660000 - 0x000000006868f000 	C:\Windows\WinSxS\amd64_microsoft.vc90.atl_1fc8b3b9a1e18e3b_9.0.30729.6161_none_0a1fd3a3a768b895\ATL90.DLL
0x0000000071440000 - 0x000000007144c000 	C:\Program Files\MATLAB\R2012b\bin\win64\mlautoregister.dll
0x000007fefedc0000 - 0x000007fefedee000 	C:\Windows\system32\IMM32.DLL
0x000007fefd740000 - 0x000007fefd849000 	C:\Windows\system32\MSCTF.dll
0x000007fefbc50000 - 0x000007fefbca6000 	C:\Windows\system32\UxTheme.dll
0x000007fefb4d0000 - 0x000007fefb4e8000 	C:\Windows\system32\dwmapi.dll
0x000000006d100000 - 0x000000006d10d000 	C:\Windows\WinSxS\amd64_microsoft.vc90.mfcloc_1fc8b3b9a1e18e3b_9.0.30729.6161_none_01c9581e60cbee58\MFC90ENU.DLL
0x0000000078870000 - 0x0000000078ecd000 	C:\Program Files\MATLAB\R2012b\sys\java\jre\win64\jre\bin\server\jvm.dll
0x000007fefb1a0000 - 0x000007fefb1db000 	C:\Windows\system32\WINMM.dll
0x000007fefd270000 - 0x000007fefd27f000 	C:\Windows\system32\profapi.dll
0x000007fefb230000 - 0x000007fefb245000 	C:\Windows\system32\NLAapi.dll
0x000007fef2890000 - 0x000007fef28a5000 	C:\Windows\system32\napinsp.dll
0x000007fef2870000 - 0x000007fef2889000 	C:\Windows\system32\pnrpnsp.dll
0x000007fefca80000 - 0x000007fefcad5000 	C:\Windows\System32\mswsock.dll
0x000007fefc8c0000 - 0x000007fefc91b000 	C:\Windows\system32\DNSAPI.dll
0x000007fef2860000 - 0x000007fef286b000 	C:\Windows\System32\winrnr.dll
0x000007fefd110000 - 0x000007fefd135000 	C:\Windows\system32\SspiCli.dll

VM Arguments:
jvm_args: -Xss512k -XX:PermSize=32m -Xms64m -XX:NewRatio=3 -XX:MaxPermSize=128m -Xmx196m -XX:MaxDirectMemorySize=2147400000 -Dsun.java2d.noddraw=true -Dsun.awt.nopixfmt=true -Xshare:off -Xrs -Dsun.awt.disableMixing=true -Djava.library.path=C:\Program Files\MATLAB\R2012b\bin\win64;C:\Program Files\MATLAB\R2012b\sys\jxbrowser\win64\lib vfprintf abort 
java_command: <unknown>
Launcher Type: generic

Environment Variables:
PATH=C:\Program Files\MATLAB\R2012b\bin\win64;C:\Windows\system32;C:\Windows;C:\Windows\System32\Wbem;C:\Windows\System32\WindowsPowerShell\v1.0\;C:\PerkinElmerCTG\bin;C:\Program Files\MATLAB\R2012b\bin;C:\Program Files\MATLAB\R2010b\runtime\win64;C:\Program Files\MATLAB\R2010b\bin;C:\Program Files\MATLAB\MATLAB Compiler Runtime\v715\runtime\win64;C:\Program Files (x86)\MATLAB\MATLAB Compiler Runtime\v715\runtime\win32
USERNAME=dnguyen
OS=Windows_NT
PROCESSOR_IDENTIFIER=Intel64 Family 6 Model 60 Stepping 3, GenuineIntel



---------------  S Y S T E M  ---------------

OS: Windows 7 Build 7601 Service Pack 1

CPU:total 4 (8 cores per cpu, 2 threads per core) family 6 model 60 stepping 3, cmov, cx8, fxsr, mmx, sse, sse2, sse3, ssse3, sse4.1, sse4.2, ht

Memory: 4k page, physical 33442044k(28171732k free), swap 66882184k(61968500k free)

vm_info: Java HotSpot(TM) 64-Bit Server VM (14.3-b01) for windows-amd64 JRE (1.6.0_17-b04), built on Oct 11 2009 00:46:08 by "java_re" with MS VC++ 8.0

time: Mon Dec 20 21:26:18 2021
elapsed time: 1149 seconds

